<?xml version="1.0" encoding="UTF-8"?>
<testsuite name="test.MongoTest" tests="1" skipped="0" failures="0" errors="0" timestamp="2022-02-09T17:37:02" hostname="DESKTOP-P9NFH44" time="0.325">
  <properties/>
  <testcase name="canRun()" classname="test.MongoTest" time="0.325"/>
  <system-out><![CDATA[11:37:00.203 [Test worker] DEBUG org.springframework.test.context.BootstrapUtils - Instantiating CacheAwareContextLoaderDelegate from class [org.springframework.test.context.cache.DefaultCacheAwareContextLoaderDelegate]
11:37:00.214 [Test worker] DEBUG org.springframework.test.context.BootstrapUtils - Instantiating BootstrapContext using constructor [public org.springframework.test.context.support.DefaultBootstrapContext(java.lang.Class,org.springframework.test.context.CacheAwareContextLoaderDelegate)]
11:37:00.239 [Test worker] DEBUG org.springframework.test.context.BootstrapUtils - Instantiating TestContextBootstrapper for test class [test.MongoTest] from class [org.springframework.boot.test.context.SpringBootTestContextBootstrapper]
11:37:00.250 [Test worker] INFO org.springframework.boot.test.context.SpringBootTestContextBootstrapper - Neither @ContextConfiguration nor @ContextHierarchy found for test class [test.MongoTest], using SpringBootContextLoader
11:37:00.255 [Test worker] DEBUG org.springframework.test.context.support.AbstractContextLoader - Did not detect default resource location for test class [test.MongoTest]: class path resource [test/MongoTest-context.xml] does not exist
11:37:00.255 [Test worker] DEBUG org.springframework.test.context.support.AbstractContextLoader - Did not detect default resource location for test class [test.MongoTest]: class path resource [test/MongoTestContext.groovy] does not exist
11:37:00.255 [Test worker] INFO org.springframework.test.context.support.AbstractContextLoader - Could not detect default resource locations for test class [test.MongoTest]: no resource found for suffixes {-context.xml, Context.groovy}.
11:37:00.256 [Test worker] INFO org.springframework.test.context.support.AnnotationConfigContextLoaderUtils - Could not detect default configuration classes for test class [test.MongoTest]: MongoTest does not declare any static, non-private, non-final, nested classes annotated with @Configuration.
11:37:00.298 [Test worker] DEBUG org.springframework.test.context.support.ActiveProfilesUtils - Could not find an 'annotation declaring class' for annotation type [org.springframework.test.context.ActiveProfiles] and class [test.MongoTest]
11:37:00.352 [Test worker] DEBUG org.springframework.context.annotation.ClassPathScanningCandidateComponentProvider - Identified candidate component class: file [C:\DEV\test-project\build\classes\java\main\test\Application.class]
11:37:00.353 [Test worker] INFO org.springframework.boot.test.context.SpringBootTestContextBootstrapper - Found @SpringBootConfiguration test.Application for test class test.MongoTest
11:37:00.442 [Test worker] DEBUG org.springframework.boot.test.context.SpringBootTestContextBootstrapper - @TestExecutionListeners is not present for class [test.MongoTest]: using defaults.
11:37:00.443 [Test worker] INFO org.springframework.boot.test.context.SpringBootTestContextBootstrapper - Loaded default TestExecutionListener class names from location [META-INF/spring.factories]: [org.springframework.boot.test.autoconfigure.restdocs.RestDocsTestExecutionListener, org.springframework.boot.test.autoconfigure.web.client.MockRestServiceServerResetTestExecutionListener, org.springframework.boot.test.autoconfigure.web.servlet.MockMvcPrintOnlyOnFailureTestExecutionListener, org.springframework.boot.test.autoconfigure.web.servlet.WebDriverTestExecutionListener, org.springframework.boot.test.autoconfigure.webservices.client.MockWebServiceServerTestExecutionListener, org.springframework.boot.test.mock.mockito.MockitoTestExecutionListener, org.springframework.boot.test.mock.mockito.ResetMocksTestExecutionListener, org.springframework.test.context.web.ServletTestExecutionListener, org.springframework.test.context.support.DirtiesContextBeforeModesTestExecutionListener, org.springframework.test.context.event.ApplicationEventsTestExecutionListener, org.springframework.test.context.support.DependencyInjectionTestExecutionListener, org.springframework.test.context.support.DirtiesContextTestExecutionListener, org.springframework.test.context.transaction.TransactionalTestExecutionListener, org.springframework.test.context.jdbc.SqlScriptsTestExecutionListener, org.springframework.test.context.event.EventPublishingTestExecutionListener]
11:37:00.460 [Test worker] INFO org.springframework.boot.test.context.SpringBootTestContextBootstrapper - Using TestExecutionListeners: [org.springframework.test.context.web.ServletTestExecutionListener@318460c6, org.springframework.test.context.support.DirtiesContextBeforeModesTestExecutionListener@c9a9c7, org.springframework.test.context.event.ApplicationEventsTestExecutionListener@7da95bdc, org.springframework.boot.test.mock.mockito.MockitoTestExecutionListener@581c8943, org.springframework.boot.test.autoconfigure.SpringBootDependencyInjectionTestExecutionListener@4a8c40d6, org.springframework.test.context.support.DirtiesContextTestExecutionListener@7464fd1, org.springframework.test.context.transaction.TransactionalTestExecutionListener@3006935e, org.springframework.test.context.jdbc.SqlScriptsTestExecutionListener@c6c428c, org.springframework.test.context.event.EventPublishingTestExecutionListener@244e2927, org.springframework.boot.test.autoconfigure.restdocs.RestDocsTestExecutionListener@11c3d2b8, org.springframework.boot.test.autoconfigure.web.client.MockRestServiceServerResetTestExecutionListener@15db3fbd, org.springframework.boot.test.autoconfigure.web.servlet.MockMvcPrintOnlyOnFailureTestExecutionListener@7b4d67a8, org.springframework.boot.test.autoconfigure.web.servlet.WebDriverTestExecutionListener@2e1f6ef7, org.springframework.boot.test.autoconfigure.webservices.client.MockWebServiceServerTestExecutionListener@21c63f9e, org.springframework.boot.test.mock.mockito.ResetMocksTestExecutionListener@6d2ccacc]
11:37:00.464 [Test worker] DEBUG org.springframework.test.context.support.AbstractDirtiesContextTestExecutionListener - Before test class: context [DefaultTestContext@5a4ed57e testClass = MongoTest, testInstance = [null], testMethod = [null], testException = [null], mergedContextConfiguration = [WebMergedContextConfiguration@5fa025be testClass = MongoTest, locations = '{}', classes = '{class test.Application}', contextInitializerClasses = '[]', activeProfiles = '{}', propertySourceLocations = '{}', propertySourceProperties = '{org.springframework.boot.test.context.SpringBootTestContextBootstrapper=true}', contextCustomizers = set[org.springframework.boot.test.autoconfigure.actuate.metrics.MetricsExportContextCustomizerFactory$DisableMetricExportContextCustomizer@3f676f59, org.springframework.boot.test.autoconfigure.properties.PropertyMappingContextCustomizer@0, org.springframework.boot.test.autoconfigure.web.servlet.WebDriverContextCustomizerFactory$Customizer@73943770, org.springframework.boot.test.context.filter.ExcludeFilterContextCustomizer@780094e2, org.springframework.boot.test.json.DuplicateJsonObjectContextCustomizerFactory$DuplicateJsonObjectContextCustomizer@21eee363, org.springframework.boot.test.mock.mockito.MockitoContextCustomizer@0, org.springframework.boot.test.web.client.TestRestTemplateContextCustomizer@5dd9ee5c, org.springframework.boot.test.context.SpringBootTestArgs@1, org.springframework.boot.test.context.SpringBootTestWebEnvironment@507b10b1], resourceBasePath = 'src/main/webapp', contextLoader = 'org.springframework.boot.test.context.SpringBootContextLoader', parent = [null]], attributes = map['org.springframework.test.context.web.ServletTestExecutionListener.activateListener' -> true]], class annotated with @DirtiesContext [false] with mode [null].

  .   ____          _            __ _ _
 /\\ / ___'_ __ _ _(_)_ __  __ _ \ \ \ \
( ( )\___ | '_ | '_| | '_ \/ _` | \ \ \ \
 \\/  ___)| |_)| | | | | || (_| |  ) ) ) )
  '  |____| .__|_| |_|_| |_\__, | / / / /
 =========|_|==============|___/=/_/_/_/
 :: Spring Boot ::                (v2.6.3)

2022-02-09 11:37:00.764  INFO 5280 --- [    Test worker] test.MongoTest                           : Starting MongoTest using Java 11.0.12 on DESKTOP-P9NFH44 with PID 5280 (started by busch in C:\DEV\test-project)
2022-02-09 11:37:00.765  INFO 5280 --- [    Test worker] test.MongoTest                           : No active profile set, falling back to default profiles: default
2022-02-09 11:37:01.237  INFO 5280 --- [    Test worker] .s.d.r.c.RepositoryConfigurationDelegate : Bootstrapping Spring Data MongoDB repositories in DEFAULT mode.
2022-02-09 11:37:01.246  INFO 5280 --- [    Test worker] .s.d.r.c.RepositoryConfigurationDelegate : Finished Spring Data repository scanning in 4 ms. Found 0 MongoDB repository interfaces.
2022-02-09 11:37:01.561  INFO 5280 --- [    Test worker] org.mongodb.driver.cluster               : Cluster created with settings {hosts=[localhost:27017], mode=SINGLE, requiredClusterType=UNKNOWN, serverSelectionTimeout='30000 ms'}
2022-02-09 11:37:02.318  INFO 5280 --- [    Test worker] test.MongoTest                           : Started MongoTest in 1.814 seconds (JVM running for 2.992)
]]></system-out>
  <system-err><![CDATA[]]></system-err>
</testsuite>
